2026-06-05 12:57:41,557 - numexpr.utils - INFO - NumExpr defaulting to 16 threads.
2026-06-05 12:57:57,205 - audio.recorder - INFO - Starting audio stream on device None...
2026-06-05 12:57:57,600 - audio.recorder - INFO - Audio stream stopped.
2026-06-05 12:58:57,873 - numexpr.utils - INFO - NumExpr defaulting to 16 threads.
2026-06-05 12:59:10,760 - audio.recorder - INFO - Starting audio stream on device None...
2026-06-05 13:05:41,923 - audio.recorder - INFO - Audio stream stopped.
2026-06-05 13:06:15,547 - numexpr.utils - INFO - NumExpr defaulting to 16 threads.
2026-06-05 13:06:28,931 - audio.recorder - INFO - Starting audio stream on device None...
2026-06-05 13:07:47,575 - synthesis.tts_stream - INFO - Speaking: I can check the weather for your current location. However,
2026-06-05 13:07:48,448 - synthesis.tts_stream - INFO - Speaking: I do not have real-time data on violence. Would you like the weather forecast in...
2026-06-05 13:12:37,307 - synthesis.tts_stream - INFO - Speaking: I'm glad I could help with the weather.
2026-06-05 13:12:38,125 - synthesis.tts_stream - INFO - Speaking: Let me know if you need anything else.
2026-06-05 13:23:27,365 - audio.recorder - INFO - Audio stream stopped.
2026-06-05 13:26:01,821 - numexpr.utils - INFO - NumExpr defaulting to 16 threads.
2026-06-05 13:26:03,095 - websockets.server - INFO - server listening on 127.0.0.1:8765
2026-06-05 13:26:03,096 - websockets.server - INFO - server listening on [::1]:8765
2026-06-05 13:26:25,079 - audio.recorder - INFO - Starting audio stream on device None...
2026-06-05 13:26:25,454 - websockets.server - INFO - connection open
2026-06-05 13:26:25,455 - websockets.server - INFO - connection open
2026-06-05 13:26:25,475 - websockets.server - INFO - connection open
2026-06-05 13:26:25,476 - websockets.server - ERROR - opening handshake failed
Traceback (most recent call last):
  File "C:\Users\vivin\AppData\Local\Programs\Python\Python313\Lib\site-packages\websockets\http11.py", line 138, in parse
    request_line = yield from parse_line(read_line)
                   ^^^^^^^^^^^^^^^^^^^^^^^^^^^^^^^^
  File "C:\Users\vivin\AppData\Local\Programs\Python\Python313\Lib\site-packages\websockets\http11.py", line 309, in parse_line
    line = yield from read_line(MAX_LINE_LENGTH)
           ^^^^^^^^^^^^^^^^^^^^^^^^^^^^^^^^^^^^^
  File "C:\Users\vivin\AppData\Local\Programs\Python\Python313\Lib\site-packages\websockets\streams.py", line 46, in read_line
    raise EOFError(f"stream ends after {p} bytes, before end of line")
EOFError: stream ends after 0 bytes, before end of line

The above exception was the direct cause of the following exception:

Traceback (most recent call last):
  File "C:\Users\vivin\AppData\Local\Programs\Python\Python313\Lib\site-packages\websockets\server.py", line 545, in parse
    request = yield from Request.parse(
              ^^^^^^^^^^^^^^^^^^^^^^^^^
        self.reader.read_line,
        ^^^^^^^^^^^^^^^^^^^^^^
    )
    ^
  File "C:\Users\vivin\AppData\Local\Programs\Python\Python313\Lib\site-packages\websockets\http11.py", line 140, in parse
    raise EOFError("connection closed while reading HTTP request line") from exc
EOFError: connection closed while reading HTTP request line

The above exception was the direct cause of the following exception:

Traceback (most recent call last):
  File "C:\Users\vivin\AppData\Local\Programs\Python\Python313\Lib\site-packages\websockets\asyncio\server.py", line 356, in conn_handler
    await connection.handshake(
    ...<3 lines>...
    )
  File "C:\Users\vivin\AppData\Local\Programs\Python\Python313\Lib\site-packages\websockets\asyncio\server.py", line 207, in handshake
    raise self.protocol.handshake_exc
websockets.exceptions.InvalidMessage: did not receive a valid HTTP request
2026-06-05 13:26:25,629 - websockets.server - INFO - connection open
2026-06-05 13:26:25,629 - websockets.server - INFO - connection open
2026-06-05 13:26:25,629 - websockets.server - ERROR - opening handshake failed
Traceback (most recent call last):
  File "C:\Users\vivin\AppData\Local\Programs\Python\Python313\Lib\site-packages\websockets\http11.py", line 138, in parse
    request_line = yield from parse_line(read_line)
                   ^^^^^^^^^^^^^^^^^^^^^^^^^^^^^^^^
  File "C:\Users\vivin\AppData\Local\Programs\Python\Python313\Lib\site-packages\websockets\http11.py", line 309, in parse_line
    line = yield from read_line(MAX_LINE_LENGTH)
           ^^^^^^^^^^^^^^^^^^^^^^^^^^^^^^^^^^^^^
  File "C:\Users\vivin\AppData\Local\Programs\Python\Python313\Lib\site-packages\websockets\streams.py", line 46, in read_line
    raise EOFError(f"stream ends after {p} bytes, before end of line")
EOFError: stream ends after 0 bytes, before end of line

The above exception was the direct cause of the following exception:

Traceback (most recent call last):
  File "C:\Users\vivin\AppData\Local\Programs\Python\Python313\Lib\site-packages\websockets\server.py", line 545, in parse
    request = yield from Request.parse(
              ^^^^^^^^^^^^^^^^^^^^^^^^^
        self.reader.read_line,
        ^^^^^^^^^^^^^^^^^^^^^^
    )
    ^
  File "C:\Users\vivin\AppData\Local\Programs\Python\Python313\Lib\site-packages\websockets\http11.py", line 140, in parse
    raise EOFError("connection closed while reading HTTP request line") from exc
EOFError: connection closed while reading HTTP request line

The above exception was the direct cause of the following exception:

Traceback (most recent call last):
  File "C:\Users\vivin\AppData\Local\Programs\Python\Python313\Lib\site-packages\websockets\asyncio\server.py", line 356, in conn_handler
    await connection.handshake(
    ...<3 lines>...
    )
  File "C:\Users\vivin\AppData\Local\Programs\Python\Python313\Lib\site-packages\websockets\asyncio\server.py", line 207, in handshake
    raise self.protocol.handshake_exc
websockets.exceptions.InvalidMessage: did not receive a valid HTTP request
2026-06-05 13:26:25,661 - websockets.server - ERROR - opening handshake failed
Traceback (most recent call last):
  File "C:\Users\vivin\AppData\Local\Programs\Python\Python313\Lib\site-packages\websockets\http11.py", line 138, in parse
    request_line = yield from parse_line(read_line)
                   ^^^^^^^^^^^^^^^^^^^^^^^^^^^^^^^^
  File "C:\Users\vivin\AppData\Local\Programs\Python\Python313\Lib\site-packages\websockets\http11.py", line 309, in parse_line
    line = yield from read_line(MAX_LINE_LENGTH)
           ^^^^^^^^^^^^^^^^^^^^^^^^^^^^^^^^^^^^^
  File "C:\Users\vivin\AppData\Local\Programs\Python\Python313\Lib\site-packages\websockets\streams.py", line 46, in read_line
    raise EOFError(f"stream ends after {p} bytes, before end of line")
EOFError: stream ends after 0 bytes, before end of line

The above exception was the direct cause of the following exception:

Traceback (most recent call last):
  File "C:\Users\vivin\AppData\Local\Programs\Python\Python313\Lib\site-packages\websockets\server.py", line 545, in parse
    request = yield from Request.parse(
              ^^^^^^^^^^^^^^^^^^^^^^^^^
        self.reader.read_line,
        ^^^^^^^^^^^^^^^^^^^^^^
    )
    ^
  File "C:\Users\vivin\AppData\Local\Programs\Python\Python313\Lib\site-packages\websockets\http11.py", line 140, in parse
    raise EOFError("connection closed while reading HTTP request line") from exc
EOFError: connection closed while reading HTTP request line

The above exception was the direct cause of the following exception:

Traceback (most recent call last):
  File "C:\Users\vivin\AppData\Local\Programs\Python\Python313\Lib\site-packages\websockets\asyncio\server.py", line 356, in conn_handler
    await connection.handshake(
    ...<3 lines>...
    )
  File "C:\Users\vivin\AppData\Local\Programs\Python\Python313\Lib\site-packages\websockets\asyncio\server.py", line 207, in handshake
    raise self.protocol.handshake_exc
websockets.exceptions.InvalidMessage: did not receive a valid HTTP request
2026-06-05 13:26:25,664 - websockets.server - INFO - connection open
2026-06-05 13:26:25,664 - websockets.server - INFO - connection open
2026-06-05 13:26:25,678 - websockets.server - ERROR - opening handshake failed
Traceback (most recent call last):
  File "C:\Users\vivin\AppData\Local\Programs\Python\Python313\Lib\site-packages\websockets\http11.py", line 138, in parse
    request_line = yield from parse_line(read_line)
                   ^^^^^^^^^^^^^^^^^^^^^^^^^^^^^^^^
  File "C:\Users\vivin\AppData\Local\Programs\Python\Python313\Lib\site-packages\websockets\http11.py", line 309, in parse_line
    line = yield from read_line(MAX_LINE_LENGTH)
           ^^^^^^^^^^^^^^^^^^^^^^^^^^^^^^^^^^^^^
  File "C:\Users\vivin\AppData\Local\Programs\Python\Python313\Lib\site-packages\websockets\streams.py", line 46, in read_line
    raise EOFError(f"stream ends after {p} bytes, before end of line")
EOFError: stream ends after 0 bytes, before end of line

The above exception was the direct cause of the following exception:

Traceback (most recent call last):
  File "C:\Users\vivin\AppData\Local\Programs\Python\Python313\Lib\site-packages\websockets\server.py", line 545, in parse
    request = yield from Request.parse(
              ^^^^^^^^^^^^^^^^^^^^^^^^^
        self.reader.read_line,
        ^^^^^^^^^^^^^^^^^^^^^^
    )
    ^
  File "C:\Users\vivin\AppData\Local\Programs\Python\Python313\Lib\site-packages\websockets\http11.py", line 140, in parse
    raise EOFError("connection closed while reading HTTP request line") from exc
EOFError: connection closed while reading HTTP request line

The above exception was the direct cause of the following exception:

Traceback (most recent call last):
  File "C:\Users\vivin\AppData\Local\Programs\Python\Python313\Lib\site-packages\websockets\asyncio\server.py", line 356, in conn_handler
    await connection.handshake(
    ...<3 lines>...
    )
  File "C:\Users\vivin\AppData\Local\Programs\Python\Python313\Lib\site-packages\websockets\asyncio\server.py", line 207, in handshake
    raise self.protocol.handshake_exc
websockets.exceptions.InvalidMessage: did not receive a valid HTTP request
2026-06-05 13:26:25,680 - websockets.server - INFO - connection open
2026-06-05 13:26:34,515 - synthesis.tts_stream - INFO - Speaking: I am Jarvis,
2026-06-05 13:26:42,669 - synthesis.tts_stream - INFO - Speaking: not Douglas. How can I help you with your tasks?
2026-06-05 13:26:43,980 - websockets.server - INFO - connection open
2026-06-05 13:26:57,994 - synthesis.tts_stream - INFO - Speaking: I am currently running and ready to assist you with any requests.
2026-06-05 13:26:58,739 - synthesis.tts_stream - INFO - Speaking: I am here to process information and help you get things done.
2026-06-05 13:27:34,790 - websockets.server - INFO - connection open
2026-06-05 13:27:36,793 - websockets.server - INFO - connection open
2026-06-05 13:27:48,691 - websockets.server - INFO - connection open
2026-06-05 13:27:51,215 - websockets.server - INFO - connection open
2026-06-05 13:27:52,426 - websockets.server - INFO - connection open
2026-06-05 13:27:53,223 - websockets.server - INFO - connection open
2026-06-05 13:28:15,071 - websockets.server - INFO - connection open
2026-06-05 13:28:18,021 - websockets.server - INFO - connection open
2026-06-05 13:28:18,575 - audio.recorder - INFO - Audio stream stopped.
2026-06-05 13:29:51,767 - numexpr.utils - INFO - NumExpr defaulting to 16 threads.
2026-06-05 13:29:52,259 - websockets.server - INFO - server listening on 127.0.0.1:8765
2026-06-05 13:29:52,259 - websockets.server - INFO - server listening on [::1]:8765
2026-06-05 13:30:03,251 - audio.recorder - INFO - Starting audio stream on device None...
2026-06-05 13:30:03,533 - websockets.server - INFO - connection open
2026-06-05 13:30:03,534 - websockets.server - ERROR - opening handshake failed
Traceback (most recent call last):
  File "C:\Users\vivin\AppData\Local\Programs\Python\Python313\Lib\site-packages\websockets\asyncio\server.py", line 356, in conn_handler
    await connection.handshake(
    ...<3 lines>...
    )
  File "C:\Users\vivin\AppData\Local\Programs\Python\Python313\Lib\site-packages\websockets\asyncio\server.py", line 142, in handshake
    async with self.send_context(expected_state=CONNECTING):
               ~~~~~~~~~~~~~~~~~^^^^^^^^^^^^^^^^^^^^^^^^^^^
  File "C:\Users\vivin\AppData\Local\Programs\Python\Python313\Lib\contextlib.py", line 214, in __aenter__
    return await anext(self.gen)
           ^^^^^^^^^^^^^^^^^^^^^
  File "C:\Users\vivin\AppData\Local\Programs\Python\Python313\Lib\site-packages\websockets\asyncio\connection.py", line 957, in send_context
    raise self.protocol.close_exc from original_exc
websockets.exceptions.ConnectionClosedError: no close frame received or sent
2026-06-05 13:30:03,683 - websockets.server - ERROR - opening handshake failed
Traceback (most recent call last):
  File "C:\Users\vivin\AppData\Local\Programs\Python\Python313\Lib\site-packages\websockets\asyncio\server.py", line 356, in conn_handler
    await connection.handshake(
    ...<3 lines>...
    )
  File "C:\Users\vivin\AppData\Local\Programs\Python\Python313\Lib\site-packages\websockets\asyncio\server.py", line 142, in handshake
    async with self.send_context(expected_state=CONNECTING):
               ~~~~~~~~~~~~~~~~~^^^^^^^^^^^^^^^^^^^^^^^^^^^
  File "C:\Users\vivin\AppData\Local\Programs\Python\Python313\Lib\contextlib.py", line 214, in __aenter__
    return await anext(self.gen)
           ^^^^^^^^^^^^^^^^^^^^^
  File "C:\Users\vivin\AppData\Local\Programs\Python\Python313\Lib\site-packages\websockets\asyncio\connection.py", line 957, in send_context
    raise self.protocol.close_exc from original_exc
websockets.exceptions.ConnectionClosedError: no close frame received or sent
2026-06-05 13:30:27,287 - synthesis.tts_stream - INFO - Speaking: I am currently running diagnostics and monitoring system performance.
2026-06-05 13:30:28,196 - synthesis.tts_stream - INFO - Speaking: I am ready to help you with any tasks you have.
2026-06-05 13:30:48,478 - synthesis.tts_stream - INFO - Speaking: The weather in Bangalore today is expected to be partly cloudy with a high of th...
2026-06-05 13:30:49,352 - synthesis.tts_stream - INFO - Speaking: You should plan for some mild conditions throughout the day.
2026-06-05 13:31:02,445 - websockets.server - INFO - connection open
2026-06-05 13:31:03,289 - websockets.server - INFO - connection open
2026-06-05 13:31:04,419 - websockets.server - INFO - connection open
2026-06-05 13:31:25,923 - synthesis.tts_stream - INFO - Speaking: NPS Public School is a well-respected private school in Whitefield, Bangalore, f...
2026-06-05 13:31:26,957 - synthesis.tts_stream - INFO - Speaking: It is currently led by Principal Mrs. Roopa Sridhar and is hosting a hardware sh...
2026-06-05 13:31:53,430 - synthesis.tts_stream - INFO - Speaking: You are very welcome.
2026-06-05 13:31:53,945 - synthesis.tts_stream - INFO - Speaking: Is there anything else I can help you with right now?
2026-06-05 13:32:06,705 - synthesis.tts_stream - INFO - Speaking: Understood.
2026-06-05 13:32:07,215 - synthesis.tts_stream - INFO - Speaking: I will remain ready for your next request. Have a productive day.
2026-06-05 13:32:15,750 - websockets.server - INFO - connection open
2026-06-05 13:32:16,975 - websockets.server - INFO - connection open
2026-06-05 13:32:17,756 - websockets.server - INFO - connection open
2026-06-05 13:32:17,818 - websockets.server - INFO - connection open
2026-06-05 13:32:18,602 - websockets.server - INFO - connection open
2026-06-05 13:32:19,154 - websockets.server - INFO - connection open
2026-06-05 13:32:19,680 - websockets.server - INFO - connection open
2026-06-05 13:32:19,828 - websockets.server - INFO - connection open
2026-06-05 13:32:20,185 - websockets.server - INFO - connection open
2026-06-05 13:32:21,155 - websockets.server - INFO - connection open
2026-06-05 13:32:23,020 - websockets.server - INFO - connection open
2026-06-05 13:33:43,404 - websockets.server - INFO - connection open
2026-06-05 13:33:44,898 - websockets.server - INFO - connection open
2026-06-05 13:33:46,905 - websockets.server - INFO - connection open
2026-06-05 13:33:47,135 - websockets.server - INFO - connection open
2026-06-05 13:34:38,625 - synthesis.tts_stream - INFO - Speaking: I draw my information from a vast and constantly updated knowledge base.
2026-06-05 13:34:39,657 - synthesis.tts_stream - INFO - Speaking: This allows me to provide you with accurate and comprehensive answers.
2026-06-05 13:34:41,285 - websockets.server - INFO - connection open
2026-06-05 13:34:41,969 - websockets.server - INFO - connection open
2026-06-05 13:35:02,538 - synthesis.tts_stream - INFO - Speaking: For real-time weather data, I access live feeds from meteorological services.
2026-06-05 13:35:03,453 - synthesis.tts_stream - INFO - Speaking: This ensures the information I provide is current and accurate for your location...
2026-06-05 13:35:29,924 - synthesis.tts_stream - INFO - Speaking: The weather in New Delhi is currently sunny with a high of thirty-two degrees Ce...
2026-06-05 13:35:30,780 - synthesis.tts_stream - INFO - Speaking: Expect clear skies for the remainder of the day.
2026-06-05 13:35:50,164 - synthesis.tts_stream - INFO - Speaking: Yes, I retrieve that live data from reliable external weather sources.
2026-06-05 13:35:50,978 - synthesis.tts_stream - INFO - Speaking: I process that information to give you a concise update.
2026-06-05 13:36:05,006 - websockets.server - INFO - connection open
2026-06-05 13:36:07,008 - websockets.server - INFO - connection open
2026-06-05 13:36:09,797 - websockets.server - INFO - connection open
2026-06-05 13:36:12,488 - websockets.server - INFO - connection open
2026-06-05 13:36:14,493 - websockets.server - INFO - connection open
2026-06-05 13:36:16,440 - websockets.server - INFO - connection open
2026-06-05 13:37:29,549 - primp - INFO - response: https://www.bing.com/search?q=Can+you+please+update+yourself+about+NPS+Public+School%3F 200
2026-06-05 13:37:31,598 - synthesis.tts_stream - INFO - Speaking: I am researching that topic on the internet right now,
2026-06-05 13:37:32,337 - synthesis.tts_stream - INFO - Speaking: and compiling the facts into my permanent knowledge vault!
2026-06-05 13:39:24,706 - websockets.server - INFO - connection open
2026-06-05 13:39:27,037 - websockets.server - INFO - connection open
2026-06-05 13:41:35,480 - websockets.server - INFO - connection open
2026-06-05 13:41:39,981 - websockets.server - INFO - connection open
2026-06-05 13:41:41,994 - websockets.server - INFO - connection open
2026-06-05 13:41:45,577 - websockets.server - INFO - connection open
2026-06-05 13:53:31,258 - synthesis.tts_stream - INFO - Speaking: I am ready for your next command.
2026-06-05 13:53:31,903 - synthesis.tts_stream - INFO - Speaking: Please let me know what you would like me to do.
2026-06-05 13:59:43,798 - synthesis.tts_stream - INFO - Speaking: Please complete your thought or provide a specific instruction.
2026-06-05 13:59:44,534 - synthesis.tts_stream - INFO - Speaking: I am waiting for your input.
2026-06-05 13:59:52,781 - audio.recorder - INFO - Audio stream stopped.
2026-06-05 14:08:38,220 - numexpr.utils - INFO - NumExpr defaulting to 16 threads.
2026-06-05 14:08:38,944 - websockets.server - INFO - server listening on [::1]:8765
2026-06-05 14:08:38,944 - websockets.server - INFO - server listening on 127.0.0.1:8765
2026-06-05 14:08:54,816 - audio.recorder - INFO - Starting audio stream on device None...
2026-06-05 14:08:55,117 - websockets.server - INFO - connection open
2026-06-05 14:08:55,119 - websockets.server - INFO - connection open
2026-06-05 14:08:55,139 - websockets.server - INFO - connection open
2026-06-05 14:08:55,140 - websockets.server - ERROR - opening handshake failed
Traceback (most recent call last):
  File "C:\Users\vivin\AppData\Local\Programs\Python\Python313\Lib\site-packages\websockets\http11.py", line 138, in parse
    request_line = yield from parse_line(read_line)
                   ^^^^^^^^^^^^^^^^^^^^^^^^^^^^^^^^
  File "C:\Users\vivin\AppData\Local\Programs\Python\Python313\Lib\site-packages\websockets\http11.py", line 309, in parse_line
    line = yield from read_line(MAX_LINE_LENGTH)
           ^^^^^^^^^^^^^^^^^^^^^^^^^^^^^^^^^^^^^
  File "C:\Users\vivin\AppData\Local\Programs\Python\Python313\Lib\site-packages\websockets\streams.py", line 46, in read_line
    raise EOFError(f"stream ends after {p} bytes, before end of line")
EOFError: stream ends after 0 bytes, before end of line

The above exception was the direct cause of the following exception:

Traceback (most recent call last):
  File "C:\Users\vivin\AppData\Local\Programs\Python\Python313\Lib\site-packages\websockets\server.py", line 545, in parse
    request = yield from Request.parse(
              ^^^^^^^^^^^^^^^^^^^^^^^^^
        self.reader.read_line,
        ^^^^^^^^^^^^^^^^^^^^^^
    )
    ^
  File "C:\Users\vivin\AppData\Local\Programs\Python\Python313\Lib\site-packages\websockets\http11.py", line 140, in parse
    raise EOFError("connection closed while reading HTTP request line") from exc
EOFError: connection closed while reading HTTP request line

The above exception was the direct cause of the following exception:

Traceback (most recent call last):
  File "C:\Users\vivin\AppData\Local\Programs\Python\Python313\Lib\site-packages\websockets\asyncio\server.py", line 356, in conn_handler
    await connection.handshake(
    ...<3 lines>...
    )
  File "C:\Users\vivin\AppData\Local\Programs\Python\Python313\Lib\site-packages\websockets\asyncio\server.py", line 207, in handshake
    raise self.protocol.handshake_exc
websockets.exceptions.InvalidMessage: did not receive a valid HTTP request
2026-06-05 14:08:55,215 - websockets.server - INFO - connection open
2026-06-05 14:08:55,216 - websockets.server - ERROR - opening handshake failed
Traceback (most recent call last):
  File "C:\Users\vivin\AppData\Local\Programs\Python\Python313\Lib\site-packages\websockets\http11.py", line 138, in parse
    request_line = yield from parse_line(read_line)
                   ^^^^^^^^^^^^^^^^^^^^^^^^^^^^^^^^
  File "C:\Users\vivin\AppData\Local\Programs\Python\Python313\Lib\site-packages\websockets\http11.py", line 309, in parse_line
    line = yield from read_line(MAX_LINE_LENGTH)
           ^^^^^^^^^^^^^^^^^^^^^^^^^^^^^^^^^^^^^
  File "C:\Users\vivin\AppData\Local\Programs\Python\Python313\Lib\site-packages\websockets\streams.py", line 46, in read_line
    raise EOFError(f"stream ends after {p} bytes, before end of line")
EOFError: stream ends after 0 bytes, before end of line

The above exception was the direct cause of the following exception:

Traceback (most recent call last):
  File "C:\Users\vivin\AppData\Local\Programs\Python\Python313\Lib\site-packages\websockets\server.py", line 545, in parse
    request = yield from Request.parse(
              ^^^^^^^^^^^^^^^^^^^^^^^^^
        self.reader.read_line,
        ^^^^^^^^^^^^^^^^^^^^^^
    )
    ^
  File "C:\Users\vivin\AppData\Local\Programs\Python\Python313\Lib\site-packages\websockets\http11.py", line 140, in parse
    raise EOFError("connection closed while reading HTTP request line") from exc
EOFError: connection closed while reading HTTP request line

The above exception was the direct cause of the following exception:

Traceback (most recent call last):
  File "C:\Users\vivin\AppData\Local\Programs\Python\Python313\Lib\site-packages\websockets\asyncio\server.py", line 356, in conn_handler
    await connection.handshake(
    ...<3 lines>...
    )
  File "C:\Users\vivin\AppData\Local\Programs\Python\Python313\Lib\site-packages\websockets\asyncio\server.py", line 207, in handshake
    raise self.protocol.handshake_exc
websockets.exceptions.InvalidMessage: did not receive a valid HTTP request
2026-06-05 14:08:55,217 - websockets.server - INFO - connection open
2026-06-05 14:08:55,233 - websockets.server - INFO - connection open
2026-06-05 14:08:55,234 - websockets.server - INFO - connection open
2026-06-05 14:08:55,252 - websockets.server - INFO - connection open
2026-06-05 14:08:55,253 - websockets.server - ERROR - opening handshake failed
Traceback (most recent call last):
  File "C:\Users\vivin\AppData\Local\Programs\Python\Python313\Lib\site-packages\websockets\http11.py", line 138, in parse
    request_line = yield from parse_line(read_line)
                   ^^^^^^^^^^^^^^^^^^^^^^^^^^^^^^^^
  File "C:\Users\vivin\AppData\Local\Programs\Python\Python313\Lib\site-packages\websockets\http11.py", line 309, in parse_line
    line = yield from read_line(MAX_LINE_LENGTH)
           ^^^^^^^^^^^^^^^^^^^^^^^^^^^^^^^^^^^^^
  File "C:\Users\vivin\AppData\Local\Programs\Python\Python313\Lib\site-packages\websockets\streams.py", line 46, in read_line
    raise EOFError(f"stream ends after {p} bytes, before end of line")
EOFError: stream ends after 0 bytes, before end of line

The above exception was the direct cause of the following exception:

Traceback (most recent call last):
  File "C:\Users\vivin\AppData\Local\Programs\Python\Python313\Lib\site-packages\websockets\server.py", line 545, in parse
    request = yield from Request.parse(
              ^^^^^^^^^^^^^^^^^^^^^^^^^
        self.reader.read_line,
        ^^^^^^^^^^^^^^^^^^^^^^
    )
    ^
  File "C:\Users\vivin\AppData\Local\Programs\Python\Python313\Lib\site-packages\websockets\http11.py", line 140, in parse
    raise EOFError("connection closed while reading HTTP request line") from exc
EOFError: connection closed while reading HTTP request line

The above exception was the direct cause of the following exception:

Traceback (most recent call last):
  File "C:\Users\vivin\AppData\Local\Programs\Python\Python313\Lib\site-packages\websockets\asyncio\server.py", line 356, in conn_handler
    await connection.handshake(
    ...<3 lines>...
    )
  File "C:\Users\vivin\AppData\Local\Programs\Python\Python313\Lib\site-packages\websockets\asyncio\server.py", line 207, in handshake
    raise self.protocol.handshake_exc
websockets.exceptions.InvalidMessage: did not receive a valid HTTP request
2026-06-05 14:08:55,269 - websockets.server - INFO - connection open
2026-06-05 14:08:55,269 - websockets.server - ERROR - opening handshake failed
Traceback (most recent call last):
  File "C:\Users\vivin\AppData\Local\Programs\Python\Python313\Lib\site-packages\websockets\http11.py", line 138, in parse
    request_line = yield from parse_line(read_line)
                   ^^^^^^^^^^^^^^^^^^^^^^^^^^^^^^^^
  File "C:\Users\vivin\AppData\Local\Programs\Python\Python313\Lib\site-packages\websockets\http11.py", line 309, in parse_line
    line = yield from read_line(MAX_LINE_LENGTH)
           ^^^^^^^^^^^^^^^^^^^^^^^^^^^^^^^^^^^^^
  File "C:\Users\vivin\AppData\Local\Programs\Python\Python313\Lib\site-packages\websockets\streams.py", line 46, in read_line
    raise EOFError(f"stream ends after {p} bytes, before end of line")
EOFError: stream ends after 0 bytes, before end of line

The above exception was the direct cause of the following exception:

Traceback (most recent call last):
  File "C:\Users\vivin\AppData\Local\Programs\Python\Python313\Lib\site-packages\websockets\server.py", line 545, in parse
    request = yield from Request.parse(
              ^^^^^^^^^^^^^^^^^^^^^^^^^
        self.reader.read_line,
        ^^^^^^^^^^^^^^^^^^^^^^
    )
    ^
  File "C:\Users\vivin\AppData\Local\Programs\Python\Python313\Lib\site-packages\websockets\http11.py", line 140, in parse
    raise EOFError("connection closed while reading HTTP request line") from exc
EOFError: connection closed while reading HTTP request line

The above exception was the direct cause of the following exception:

Traceback (most recent call last):
  File "C:\Users\vivin\AppData\Local\Programs\Python\Python313\Lib\site-packages\websockets\asyncio\server.py", line 356, in conn_handler
    await connection.handshake(
    ...<3 lines>...
    )
  File "C:\Users\vivin\AppData\Local\Programs\Python\Python313\Lib\site-packages\websockets\asyncio\server.py", line 207, in handshake
    raise self.protocol.handshake_exc
websockets.exceptions.InvalidMessage: did not receive a valid HTTP request
2026-06-05 14:08:55,284 - websockets.server - INFO - connection open
2026-06-05 14:08:55,284 - websockets.server - ERROR - opening handshake failed
Traceback (most recent call last):
  File "C:\Users\vivin\AppData\Local\Programs\Python\Python313\Lib\site-packages\websockets\http11.py", line 138, in parse
    request_line = yield from parse_line(read_line)
                   ^^^^^^^^^^^^^^^^^^^^^^^^^^^^^^^^
  File "C:\Users\vivin\AppData\Local\Programs\Python\Python313\Lib\site-packages\websockets\http11.py", line 309, in parse_line
    line = yield from read_line(MAX_LINE_LENGTH)
           ^^^^^^^^^^^^^^^^^^^^^^^^^^^^^^^^^^^^^
  File "C:\Users\vivin\AppData\Local\Programs\Python\Python313\Lib\site-packages\websockets\streams.py", line 46, in read_line
    raise EOFError(f"stream ends after {p} bytes, before end of line")
EOFError: stream ends after 0 bytes, before end of line

The above exception was the direct cause of the following exception:

Traceback (most recent call last):
  File "C:\Users\vivin\AppData\Local\Programs\Python\Python313\Lib\site-packages\websockets\server.py", line 545, in parse
    request = yield from Request.parse(
              ^^^^^^^^^^^^^^^^^^^^^^^^^
        self.reader.read_line,
        ^^^^^^^^^^^^^^^^^^^^^^
    )
    ^
  File "C:\Users\vivin\AppData\Local\Programs\Python\Python313\Lib\site-packages\websockets\http11.py", line 140, in parse
    raise EOFError("connection closed while reading HTTP request line") from exc
EOFError: connection closed while reading HTTP request line

The above exception was the direct cause of the following exception:

Traceback (most recent call last):
  File "C:\Users\vivin\AppData\Local\Programs\Python\Python313\Lib\site-packages\websockets\asyncio\server.py", line 356, in conn_handler
    await connection.handshake(
    ...<3 lines>...
    )
  File "C:\Users\vivin\AppData\Local\Programs\Python\Python313\Lib\site-packages\websockets\asyncio\server.py", line 207, in handshake
    raise self.protocol.handshake_exc
websockets.exceptions.InvalidMessage: did not receive a valid HTTP request
2026-06-05 14:08:55,301 - websockets.server - INFO - connection open
2026-06-05 14:08:55,302 - websockets.server - ERROR - opening handshake failed
Traceback (most recent call last):
  File "C:\Users\vivin\AppData\Local\Programs\Python\Python313\Lib\site-packages\websockets\http11.py", line 138, in parse
    request_line = yield from parse_line(read_line)
                   ^^^^^^^^^^^^^^^^^^^^^^^^^^^^^^^^
  File "C:\Users\vivin\AppData\Local\Programs\Python\Python313\Lib\site-packages\websockets\http11.py", line 309, in parse_line
    line = yield from read_line(MAX_LINE_LENGTH)
           ^^^^^^^^^^^^^^^^^^^^^^^^^^^^^^^^^^^^^
  File "C:\Users\vivin\AppData\Local\Programs\Python\Python313\Lib\site-packages\websockets\streams.py", line 46, in read_line
    raise EOFError(f"stream ends after {p} bytes, before end of line")
EOFError: stream ends after 0 bytes, before end of line

The above exception was the direct cause of the following exception:

Traceback (most recent call last):
  File "C:\Users\vivin\AppData\Local\Programs\Python\Python313\Lib\site-packages\websockets\server.py", line 545, in parse
    request = yield from Request.parse(
              ^^^^^^^^^^^^^^^^^^^^^^^^^
        self.reader.read_line,
        ^^^^^^^^^^^^^^^^^^^^^^
    )
    ^
  File "C:\Users\vivin\AppData\Local\Programs\Python\Python313\Lib\site-packages\websockets\http11.py", line 140, in parse
    raise EOFError("connection closed while reading HTTP request line") from exc
EOFError: connection closed while reading HTTP request line

The above exception was the direct cause of the following exception:

Traceback (most recent call last):
  File "C:\Users\vivin\AppData\Local\Programs\Python\Python313\Lib\site-packages\websockets\asyncio\server.py", line 356, in conn_handler
    await connection.handshake(
    ...<3 lines>...
    )
  File "C:\Users\vivin\AppData\Local\Programs\Python\Python313\Lib\site-packages\websockets\asyncio\server.py", line 207, in handshake
    raise self.protocol.handshake_exc
websockets.exceptions.InvalidMessage: did not receive a valid HTTP request
2026-06-05 14:08:57,275 - websockets.server - INFO - connection open
2026-06-05 14:09:02,773 - websockets.server - INFO - connection open
2026-06-05 14:09:24,797 - synthesis.tts_stream - INFO - Speaking: The weather in New Delhi is currently partly cloudy with a high of thirty-two de...
2026-06-05 14:09:26,006 - synthesis.tts_stream - INFO - Speaking: You should expect some sunshine throughout the day.
2026-06-05 14:10:03,945 - synthesis.tts_stream - INFO - Speaking: NPS Public School is a private school in Whitefield, Bangalore, founded in 1998.
2026-06-05 14:10:05,138 - synthesis.tts_stream - INFO - Speaking: It is currently led by Principal Mrs. Roopa Sridhar and is hosting a hardware sh...
2026-06-05 14:20:47,353 - websockets.server - INFO - connection open
2026-06-05 14:20:49,352 - websockets.server - INFO - connection open
2026-06-05 14:21:14,281 - websockets.server - INFO - connection open
2026-06-05 14:21:58,111 - websockets.server - INFO - connection open
2026-06-05 14:22:01,024 - websockets.server - INFO - connection open
2026-06-05 14:43:24,655 - synthesis.tts_stream - INFO - Speaking: I am not familiar with a University of Great High School.
2026-06-05 14:43:25,424 - synthesis.tts_stream - INFO - Speaking: Could you please provide more details about what you are looking for?
2026-06-05 15:07:14,176 - synthesis.tts_stream - INFO - Speaking: I'm sorry, that input is incomplete.
2026-06-05 15:07:14,843 - synthesis.tts_stream - INFO - Speaking: Could you please finish your thought or ask a specific question?
2026-06-05 15:10:43,078 - synthesis.tts_stream - INFO - Speaking: I'm not sure what you mean by "A three." Could you please clarify your request f...
2026-06-05 23:33:22,708 - numexpr.utils - INFO - NumExpr defaulting to 16 threads.
2026-06-05 23:33:27,101 - websockets.server - INFO - server listening on [::1]:8765
2026-06-05 23:33:27,102 - websockets.server - INFO - server listening on 127.0.0.1:8765
2026-06-05 23:33:47,696 - audio.recorder - INFO - Starting audio stream on device None...
2026-06-05 23:33:48,002 - websockets.server - INFO - connection open
2026-06-05 23:34:04,459 - synthesis.tts_stream - INFO - Speaking: I'm not sure what you mean by "back move." Could you please clarify your request...
2026-06-05 23:34:28,404 - synthesis.tts_stream - INFO - Speaking: The weather in Bangalore today is partly cloudy with a high of twenty-eight degr...
2026-06-05 23:34:29,232 - synthesis.tts_stream - INFO - Speaking: You should expect some scattered showers later this afternoon.
2026-06-05 23:34:40,100 - websockets.server - INFO - connection open
2026-06-05 23:34:42,116 - websockets.server - INFO - connection open
2026-06-05 23:35:26,609 - audio.recorder - INFO - Audio stream stopped.
2026-06-05 23:37:13,698 - numexpr.utils - INFO - NumExpr defaulting to 16 threads.
2026-06-05 23:37:15,000 - websockets.server - INFO - server listening on 127.0.0.1:8765
2026-06-05 23:37:15,000 - websockets.server - INFO - server listening on [::1]:8765
2026-06-05 23:37:32,749 - audio.recorder - INFO - Starting audio stream on device None...
2026-06-05 23:37:32,944 - websockets.server - INFO - connection open
2026-06-05 23:37:32,945 - websockets.server - INFO - connection open
2026-06-05 23:37:32,967 - websockets.server - INFO - connection open
2026-06-05 23:37:32,967 - websockets.server - ERROR - opening handshake failed
Traceback (most recent call last):
  File "C:\Users\vivin\AppData\Local\Programs\Python\Python313\Lib\site-packages\websockets\http11.py", line 138, in parse
    request_line = yield from parse_line(read_line)
                   ^^^^^^^^^^^^^^^^^^^^^^^^^^^^^^^^
  File "C:\Users\vivin\AppData\Local\Programs\Python\Python313\Lib\site-packages\websockets\http11.py", line 309, in parse_line
    line = yield from read_line(MAX_LINE_LENGTH)
           ^^^^^^^^^^^^^^^^^^^^^^^^^^^^^^^^^^^^^
  File "C:\Users\vivin\AppData\Local\Programs\Python\Python313\Lib\site-packages\websockets\streams.py", line 46, in read_line
    raise EOFError(f"stream ends after {p} bytes, before end of line")
EOFError: stream ends after 0 bytes, before end of line

The above exception was the direct cause of the following exception:

Traceback (most recent call last):
  File "C:\Users\vivin\AppData\Local\Programs\Python\Python313\Lib\site-packages\websockets\server.py", line 545, in parse
    request = yield from Request.parse(
              ^^^^^^^^^^^^^^^^^^^^^^^^^
        self.reader.read_line,
        ^^^^^^^^^^^^^^^^^^^^^^
    )
    ^
  File "C:\Users\vivin\AppData\Local\Programs\Python\Python313\Lib\site-packages\websockets\http11.py", line 140, in parse
    raise EOFError("connection closed while reading HTTP request line") from exc
EOFError: connection closed while reading HTTP request line

The above exception was the direct cause of the following exception:

Traceback (most recent call last):
  File "C:\Users\vivin\AppData\Local\Programs\Python\Python313\Lib\site-packages\websockets\asyncio\server.py", line 356, in conn_handler
    await connection.handshake(
    ...<3 lines>...
    )
  File "C:\Users\vivin\AppData\Local\Programs\Python\Python313\Lib\site-packages\websockets\asyncio\server.py", line 207, in handshake
    raise self.protocol.handshake_exc
websockets.exceptions.InvalidMessage: did not receive a valid HTTP request
2026-06-05 23:37:34,581 - websockets.server - INFO - connection open
2026-06-05 23:38:10,298 - synthesis.tts_stream - INFO - Speaking: The weather in Baguio is currently partly cloudy with a high of twenty-four degr...
2026-06-05 23:38:15,415 - synthesis.tts_stream - INFO - Speaking: You should expect some light rain later this afternoon.
2026-06-05 23:39:08,066 - synthesis.tts_stream - INFO - Speaking: I'm sorry,
2026-06-05 23:39:08,665 - synthesis.tts_stream - INFO - Speaking: I did not understand that request. Could you please rephrase what you would like...
2026-06-05 23:39:16,124 - audio.recorder - INFO - Audio stream stopped.
